0 info it worked if it ends with ok
1 verbose cli [ 'C:\\Program Files\\nodejs\\node.exe',
1 verbose cli   'C:\\Program Files\\nodejs\\node_modules\\npm\\bin\\npm-cli.js',
1 verbose cli   'i',
1 verbose cli   'webpack@3.3' ]
2 info using npm@3.8.9
3 info using node@v6.2.0
4 silly loadCurrentTree Starting
5 silly install loadCurrentTree
6 silly install readLocalPackageData
7 silly fetchPackageMetaData webpack@3.3
8 silly fetchNamedPackageData webpack
9 silly mapToRegistry name webpack
10 silly mapToRegistry using default registry
11 silly mapToRegistry registry https://registry.npmjs.org/
12 silly mapToRegistry data Result {
12 silly mapToRegistry   raw: 'webpack',
12 silly mapToRegistry   scope: null,
12 silly mapToRegistry   name: 'webpack',
12 silly mapToRegistry   rawSpec: '',
12 silly mapToRegistry   spec: 'latest',
12 silly mapToRegistry   type: 'tag' }
13 silly mapToRegistry uri https://registry.npmjs.org/webpack
14 verbose request uri https://registry.npmjs.org/webpack
15 verbose request no auth needed
16 info attempt registry request try #1 at 11:37:21 AM
17 verbose request using bearer token for auth
18 verbose request id 32e42ad15c0f293d
19 verbose etag "C882ELG2SMAMU1MPYBFLDDWRL"
20 http request GET https://registry.npmjs.org/webpack
21 http 200 https://registry.npmjs.org/webpack
22 verbose headers { server: 'CouchDB/1.6.1 (Erlang OTP/R16B03)',
22 verbose headers   etag: '"6YU9BVA4IO4JWKAT6LKN2F64R"',
22 verbose headers   'content-type': 'application/json',
22 verbose headers   'content-encoding': 'gzip',
22 verbose headers   'cache-control': 'max-age=300',
22 verbose headers   'transfer-encoding': 'chunked',
22 verbose headers   'accept-ranges': 'bytes',
22 verbose headers   date: 'Sat, 08 Oct 2016 00:37:22 GMT',
22 verbose headers   via: '1.1 varnish',
22 verbose headers   connection: 'keep-alive',
22 verbose headers   'x-served-by': 'cache-mel6520-MEL',
22 verbose headers   'x-cache': 'MISS',
22 verbose headers   'x-cache-hits': '0',
22 verbose headers   'x-timer': 'S1475887041.156904,VS0,VE1145',
22 verbose headers   vary: 'Accept-Encoding' }
23 silly get cb [ 200,
23 silly get   { server: 'CouchDB/1.6.1 (Erlang OTP/R16B03)',
23 silly get     etag: '"6YU9BVA4IO4JWKAT6LKN2F64R"',
23 silly get     'content-type': 'application/json',
23 silly get     'content-encoding': 'gzip',
23 silly get     'cache-control': 'max-age=300',
23 silly get     'transfer-encoding': 'chunked',
23 silly get     'accept-ranges': 'bytes',
23 silly get     date: 'Sat, 08 Oct 2016 00:37:22 GMT',
23 silly get     via: '1.1 varnish',
23 silly get     connection: 'keep-alive',
23 silly get     'x-served-by': 'cache-mel6520-MEL',
23 silly get     'x-cache': 'MISS',
23 silly get     'x-cache-hits': '0',
23 silly get     'x-timer': 'S1475887041.156904,VS0,VE1145',
23 silly get     vary: 'Accept-Encoding' } ]
24 verbose get saving webpack to C:\Users\Bigo\AppData\Roaming\npm-cache\registry.npmjs.org\webpack\.cache.json
25 verbose correctMkdir C:\Users\Bigo\AppData\Roaming\npm-cache correctMkdir not in flight; initializing
26 silly fetchPackageMetaData Error: No compatible version found: webpack@3.3
26 silly fetchPackageMetaData Valid install targets:
26 silly fetchPackageMetaData 2.1.0-beta.25, 2.1.0-beta.24, 2.1.0-beta.23, 2.1.0-beta.22, 2.1.0-beta.21, 2.1.0-beta.20, 2.1.0-beta.19, 2.1.0-beta.18, 2.1.0-beta.17, 2.1.0-beta.16, 2.1.0-beta.15, 2.1.0-beta.14, 2.1.0-beta.13, 2.1.0-beta.12, 2.1.0-beta.11, 2.1.0-beta.10, 2.1.0-beta.9, 2.1.0-beta.8, 2.1.0-beta.7, 2.1.0-beta.6, 2.1.0-beta.5, 2.1.0-beta.4, 2.1.0-beta.3, 2.1.0-beta.2, 2.1.0-beta.1, 2.1.0-beta.0, 2.0.7-beta, 2.0.6-beta, 2.0.5-beta, 2.0.4-beta, 2.0.2-beta, 2.0.1-beta, 2.0.0-beta, 1.13.2, 1.13.1, 1.13.0, 1.12.15, 1.12.14, 1.12.13, 1.12.12, 1.12.11, 1.12.10, 1.12.9, 1.12.8, 1.12.7, 1.12.6, 1.12.5, 1.12.4, 1.12.3, 1.12.2, 1.12.1, 1.12.0, 1.11.0, 1.10.5, 1.10.4, 1.10.3, 1.10.2, 1.10.1, 1.10.0, 1.9.13, 1.9.12, 1.9.11, 1.9.10, 1.9.9, 1.9.8, 1.9.7, 1.9.6, 1.9.5, 1.9.4, 1.9.3, 1.9.2, 1.9.1, 1.9.0, 1.8.11, 1.8.10, 1.8.9, 1.8.8, 1.8.7, 1.8.6, 1.8.5, 1.8.4, 1.8.3, 1.8.2, 1.8.1, 1.8.0, 1.7.3, 1.7.2, 1.7.1, 1.7.0, 1.6.0, 1.5.3, 1.5.2, 1.5.1, 1.5.0, 1.4.15, 1.4.14, 1.4.13, 1.4.12, 1.4.11, 1.4.10, 1.4.9, 1.4.8, 1.4.7, 1.4.6, 1.4.5, 1.4.4, 1.4.3, 1.4.2, 1.4.1-beta1, 1.4.0-beta9, 1.4.0-beta8, 1.4.0-beta7, 1.4.0-beta6, 1.4.0-beta5, 1.4.0-beta4, 1.4.0-beta3, 1.4.0-beta2, 1.4.0-beta10, 1.4.0-beta1, 1.3.7, 1.3.6, 1.3.5, 1.3.4, 1.3.3-beta2, 1.3.3-beta1, 1.3.2-beta9, 1.3.2-beta8, 1.3.2-beta7, 1.3.2-beta6, 1.3.2-beta5, 1.3.2-beta4, 1.3.2-beta3, 1.3.2-beta2, 1.3.2-beta1, 1.3.1-beta9, 1.3.1-beta8, 1.3.1-beta7, 1.3.1-beta6, 1.3.1-beta5, 1.3.1-beta4, 1.3.1-beta3, 1.3.1-beta2, 1.3.1-beta1, 1.3.0-beta9, 1.3.0-beta8, 1.3.0-beta7, 1.3.0-beta6, 1.3.0-beta5, 1.3.0-beta4, 1.3.0-beta3, 1.3.0-beta2, 1.3.0-beta1, 1.2.0-beta6, 1.2.0-beta5, 1.2.0-beta4, 1.2.0-beta2, 1.2.0-beta1, 1.1.11, 1.1.10, 1.1.9, 1.1.8, 1.1.7, 1.1.6, 1.1.5, 1.1.4, 1.1.3, 1.1.2, 1.1.1, 1.1.0, 1.1.0-beta9, 1.1.0-beta8, 1.1.0-beta7, 1.1.0-beta6, 1.1.0-beta5, 1.1.0-beta4, 1.1.0-beta3, 1.1.0-beta2, 1.1.0-beta12, 1.1.0-beta10, 1.1.0-beta1, 1.0.5, 1.0.4, 1.0.3, 1.0.1, 1.0.0, 1.0.0-rc9, 1.0.0-rc8, 1.0.0-rc7, 1.0.0-rc5, 1.0.0-rc4, 1.0.0-rc3, 1.0.0-rc2, 1.0.0-rc12, 1.0.0-rc11, 1.0.0-rc1, 1.0.0-beta9, 1.0.0-beta8, 1.0.0-beta7, 1.0.0-beta6, 1.0.0-beta5, 1.0.0-beta4, 1.0.0-beta3, 1.0.0-beta2, 1.0.0-beta1, 0.11.18, 0.11.17, 0.11.16, 0.11.15, 0.11.14, 0.11.13, 0.11.12, 0.11.11, 0.11.10, 0.11.9, 0.11.8, 0.11.7, 0.11.6, 0.11.5, 0.11.4, 0.11.3, 0.11.2, 0.11.1, 0.11.0, 0.11.0-beta9, 0.11.0-beta8, 0.11.0-beta7, 0.11.0-beta6, 0.11.0-beta5, 0.11.0-beta4, 0.11.0-beta3, 0.11.0-beta29, 0.11.0-beta28, 0.11.0-beta27, 0.11.0-beta26, 0.11.0-beta25, 0.11.0-beta24, 0.11.0-beta23, 0.11.0-beta22, 0.11.0-beta21, 0.11.0-beta20, 0.11.0-beta2, 0.11.0-beta19, 0.11.0-beta18, 0.11.0-beta17, 0.11.0-beta16, 0.11.0-beta15, 0.11.0-beta14, 0.11.0-beta13, 0.11.0-beta12, 0.11.0-beta11, 0.11.0-beta10, 0.11.0-beta1, 0.10.0, 0.10.0-beta9, 0.10.0-beta8, 0.10.0-beta7, 0.10.0-beta6, 0.10.0-beta5, 0.10.0-beta3, 0.10.0-beta25, 0.10.0-beta24, 0.10.0-beta23, 0.10.0-beta22, 0.10.0-beta21, 0.10.0-beta20, 0.10.0-beta2, 0.10.0-beta19, 0.10.0-beta18, 0.10.0-beta17, 0.10.0-beta16, 0.10.0-beta15, 0.10.0-beta14, 0.10.0-beta13, 0.10.0-beta12, 0.10.0-beta11, 0.10.0-beta10, 0.9.3, 0.9.2, 0.9.1, 0.9.0, 0.9.0-beta9, 0.9.0-beta8, 0.9.0-beta7, 0.9.0-beta6, 0.9.0-beta5, 0.9.0-beta4, 0.9.0-beta38, 0.9.0-beta37, 0.9.0-beta36, 0.9.0-beta35, 0.9.0-beta34, 0.9.0-beta33, 0.9.0-beta32, 0.9.0-beta31, 0.9.0-beta30, 0.9.0-beta29, 0.9.0-beta28, 0.9.0-beta27, 0.9.0-beta26, 0.9.0-beta25, 0.9.0-beta24, 0.9.0-beta23, 0.9.0-beta22, 0.9.0-beta21, 0.9.0-beta20, 0.9.0-beta2, 0.9.0-beta19, 0.9.0-beta18, 0.9.0-beta17, 0.9.0-beta16, 0.9.0-beta15, 0.9.0-beta14, 0.9.0-beta13, 0.9.0-beta12, 0.9.0-beta11, 0.9.0-beta10, 0.9.0-beta1, 0.8.3, 0.8.2, 0.8.0, 0.8.0-beta4, 0.8.0-beta3, 0.8.0-beta2, 0.8.0-beta1, 0.7.17, 0.7.16, 0.7.15, 0.7.14, 0.7.13, 0.7.12, 0.7.11, 0.7.9, 0.7.8, 0.7.7, 0.7.6, 0.7.5, 0.7.4, 0.7.3, 0.7.2, 0.7.1, 0.7.0, 0.7.0-beta8, 0.7.0-beta7, 0.7.0-beta6, 0.7.0-beta5, 0.7.0-beta4, 0.7.0-beta3, 0.7.0-beta2, 0.7.0-beta, 0.6.2, 0.6.1, 0.6.0, 0.5.10, 0.5.8, 0.5.7, 0.5.6, 0.5.5, 0.5.4, 0.5.3, 0.5.2, 0.5.1, 0.5.0, 0.4.25, 0.4.24, 0.4.23, 0.4.21, 0.4.20, 0.4.19, 0.4.18, 0.4.17, 0.4.16, 0.4.15, 0.4.14, 0.4.13, 0.4.12, 0.4.11, 0.4.10, 0.4.9, 0.4.8, 0.4.7, 0.4.6, 0.4.5, 0.4.4, 0.4.3, 0.4.2, 0.4.1, 0.4.0, 0.3.20, 0.3.19, 0.3.18, 0.3.17, 0.3.16, 0.3.15, 0.3.14, 0.3.13, 0.3.12, 0.3.11, 0.3.10, 0.3.9, 0.3.8, 0.3.7, 0.3.6, 0.3.4, 0.3.3, 0.3.2, 0.3.1, 0.3.0, 0.2.8, 0.2.7, 0.2.6, 0.2.4, 0.2.3, 0.2.2, 0.2.1, 0.2.0, 0.1.6, 0.1.5, 0.1.4, 0.1.3, 0.1.2, 0.1.1, 0.1.0
26 silly fetchPackageMetaData
26 silly fetchPackageMetaData     at pickVersionFromRegistryDocument (C:\Program Files\nodejs\node_modules\npm\lib\fetch-package-metadata.js:157:16)
26 silly fetchPackageMetaData     at C:\Program Files\nodejs\node_modules\npm\node_modules\iferr\index.js:13:50
26 silly fetchPackageMetaData     at C:\Program Files\nodejs\node_modules\npm\lib\utils\pulse-till-done.js:19:8
26 silly fetchPackageMetaData     at saved (C:\Program Files\nodejs\node_modules\npm\lib\cache\caching-client.js:168:7)
26 silly fetchPackageMetaData     at C:\Program Files\nodejs\node_modules\npm\node_modules\graceful-fs\polyfills.js:210:7
26 silly fetchPackageMetaData     at FSReqWrap.oncomplete (fs.js:117:15)
26 silly fetchPackageMetaData  error for webpack@3.3 Error: No compatible version found: webpack@3.3
26 silly fetchPackageMetaData Valid install targets:
26 silly fetchPackageMetaData 2.1.0-beta.25, 2.1.0-beta.24, 2.1.0-beta.23, 2.1.0-beta.22, 2.1.0-beta.21, 2.1.0-beta.20, 2.1.0-beta.19, 2.1.0-beta.18, 2.1.0-beta.17, 2.1.0-beta.16, 2.1.0-beta.15, 2.1.0-beta.14, 2.1.0-beta.13, 2.1.0-beta.12, 2.1.0-beta.11, 2.1.0-beta.10, 2.1.0-beta.9, 2.1.0-beta.8, 2.1.0-beta.7, 2.1.0-beta.6, 2.1.0-beta.5, 2.1.0-beta.4, 2.1.0-beta.3, 2.1.0-beta.2, 2.1.0-beta.1, 2.1.0-beta.0, 2.0.7-beta, 2.0.6-beta, 2.0.5-beta, 2.0.4-beta, 2.0.2-beta, 2.0.1-beta, 2.0.0-beta, 1.13.2, 1.13.1, 1.13.0, 1.12.15, 1.12.14, 1.12.13, 1.12.12, 1.12.11, 1.12.10, 1.12.9, 1.12.8, 1.12.7, 1.12.6, 1.12.5, 1.12.4, 1.12.3, 1.12.2, 1.12.1, 1.12.0, 1.11.0, 1.10.5, 1.10.4, 1.10.3, 1.10.2, 1.10.1, 1.10.0, 1.9.13, 1.9.12, 1.9.11, 1.9.10, 1.9.9, 1.9.8, 1.9.7, 1.9.6, 1.9.5, 1.9.4, 1.9.3, 1.9.2, 1.9.1, 1.9.0, 1.8.11, 1.8.10, 1.8.9, 1.8.8, 1.8.7, 1.8.6, 1.8.5, 1.8.4, 1.8.3, 1.8.2, 1.8.1, 1.8.0, 1.7.3, 1.7.2, 1.7.1, 1.7.0, 1.6.0, 1.5.3, 1.5.2, 1.5.1, 1.5.0, 1.4.15, 1.4.14, 1.4.13, 1.4.12, 1.4.11, 1.4.10, 1.4.9, 1.4.8, 1.4.7, 1.4.6, 1.4.5, 1.4.4, 1.4.3, 1.4.2, 1.4.1-beta1, 1.4.0-beta9, 1.4.0-beta8, 1.4.0-beta7, 1.4.0-beta6, 1.4.0-beta5, 1.4.0-beta4, 1.4.0-beta3, 1.4.0-beta2, 1.4.0-beta10, 1.4.0-beta1, 1.3.7, 1.3.6, 1.3.5, 1.3.4, 1.3.3-beta2, 1.3.3-beta1, 1.3.2-beta9, 1.3.2-beta8, 1.3.2-beta7, 1.3.2-beta6, 1.3.2-beta5, 1.3.2-beta4, 1.3.2-beta3, 1.3.2-beta2, 1.3.2-beta1, 1.3.1-beta9, 1.3.1-beta8, 1.3.1-beta7, 1.3.1-beta6, 1.3.1-beta5, 1.3.1-beta4, 1.3.1-beta3, 1.3.1-beta2, 1.3.1-beta1, 1.3.0-beta9, 1.3.0-beta8, 1.3.0-beta7, 1.3.0-beta6, 1.3.0-beta5, 1.3.0-beta4, 1.3.0-beta3, 1.3.0-beta2, 1.3.0-beta1, 1.2.0-beta6, 1.2.0-beta5, 1.2.0-beta4, 1.2.0-beta2, 1.2.0-beta1, 1.1.11, 1.1.10, 1.1.9, 1.1.8, 1.1.7, 1.1.6, 1.1.5, 1.1.4, 1.1.3, 1.1.2, 1.1.1, 1.1.0, 1.1.0-beta9, 1.1.0-beta8, 1.1.0-beta7, 1.1.0-beta6, 1.1.0-beta5, 1.1.0-beta4, 1.1.0-beta3, 1.1.0-beta2, 1.1.0-beta12, 1.1.0-beta10, 1.1.0-beta1, 1.0.5, 1.0.4, 1.0.3, 1.0.1, 1.0.0, 1.0.0-rc9, 1.0.0-rc8, 1.0.0-rc7, 1.0.0-rc5, 1.0.0-rc4, 1.0.0-rc3, 1.0.0-rc2, 1.0.0-rc12, 1.0.0-rc11, 1.0.0-rc1, 1.0.0-beta9, 1.0.0-beta8, 1.0.0-beta7, 1.0.0-beta6, 1.0.0-beta5, 1.0.0-beta4, 1.0.0-beta3, 1.0.0-beta2, 1.0.0-beta1, 0.11.18, 0.11.17, 0.11.16, 0.11.15, 0.11.14, 0.11.13, 0.11.12, 0.11.11, 0.11.10, 0.11.9, 0.11.8, 0.11.7, 0.11.6, 0.11.5, 0.11.4, 0.11.3, 0.11.2, 0.11.1, 0.11.0, 0.11.0-beta9, 0.11.0-beta8, 0.11.0-beta7, 0.11.0-beta6, 0.11.0-beta5, 0.11.0-beta4, 0.11.0-beta3, 0.11.0-beta29, 0.11.0-beta28, 0.11.0-beta27, 0.11.0-beta26, 0.11.0-beta25, 0.11.0-beta24, 0.11.0-beta23, 0.11.0-beta22, 0.11.0-beta21, 0.11.0-beta20, 0.11.0-beta2, 0.11.0-beta19, 0.11.0-beta18, 0.11.0-beta17, 0.11.0-beta16, 0.11.0-beta15, 0.11.0-beta14, 0.11.0-beta13, 0.11.0-beta12, 0.11.0-beta11, 0.11.0-beta10, 0.11.0-beta1, 0.10.0, 0.10.0-beta9, 0.10.0-beta8, 0.10.0-beta7, 0.10.0-beta6, 0.10.0-beta5, 0.10.0-beta3, 0.10.0-beta25, 0.10.0-beta24, 0.10.0-beta23, 0.10.0-beta22, 0.10.0-beta21, 0.10.0-beta20, 0.10.0-beta2, 0.10.0-beta19, 0.10.0-beta18, 0.10.0-beta17, 0.10.0-beta16, 0.10.0-beta15, 0.10.0-beta14, 0.10.0-beta13, 0.10.0-beta12, 0.10.0-beta11, 0.10.0-beta10, 0.9.3, 0.9.2, 0.9.1, 0.9.0, 0.9.0-beta9, 0.9.0-beta8, 0.9.0-beta7, 0.9.0-beta6, 0.9.0-beta5, 0.9.0-beta4, 0.9.0-beta38, 0.9.0-beta37, 0.9.0-beta36, 0.9.0-beta35, 0.9.0-beta34, 0.9.0-beta33, 0.9.0-beta32, 0.9.0-beta31, 0.9.0-beta30, 0.9.0-beta29, 0.9.0-beta28, 0.9.0-beta27, 0.9.0-beta26, 0.9.0-beta25, 0.9.0-beta24, 0.9.0-beta23, 0.9.0-beta22, 0.9.0-beta21, 0.9.0-beta20, 0.9.0-beta2, 0.9.0-beta19, 0.9.0-beta18, 0.9.0-beta17, 0.9.0-beta16, 0.9.0-beta15, 0.9.0-beta14, 0.9.0-beta13, 0.9.0-beta12, 0.9.0-beta11, 0.9.0-beta10, 0.9.0-beta1, 0.8.3, 0.8.2, 0.8.0, 0.8.0-beta4, 0.8.0-beta3, 0.8.0-beta2, 0.8.0-beta1, 0.7.17, 0.7.16, 0.7.15, 0.7.14, 0.7.13, 0.7.12, 0.7.11, 0.7.9, 0.7.8, 0.7.7, 0.7.6, 0.7.5, 0.7.4, 0.7.3, 0.7.2, 0.7.1, 0.7.0, 0.7.0-beta8, 0.7.0-beta7, 0.7.0-beta6, 0.7.0-beta5, 0.7.0-beta4, 0.7.0-beta3, 0.7.0-beta2, 0.7.0-beta, 0.6.2, 0.6.1, 0.6.0, 0.5.10, 0.5.8, 0.5.7, 0.5.6, 0.5.5, 0.5.4, 0.5.3, 0.5.2, 0.5.1, 0.5.0, 0.4.25, 0.4.24, 0.4.23, 0.4.21, 0.4.20, 0.4.19, 0.4.18, 0.4.17, 0.4.16, 0.4.15, 0.4.14, 0.4.13, 0.4.12, 0.4.11, 0.4.10, 0.4.9, 0.4.8, 0.4.7, 0.4.6, 0.4.5, 0.4.4, 0.4.3, 0.4.2, 0.4.1, 0.4.0, 0.3.20, 0.3.19, 0.3.18, 0.3.17, 0.3.16, 0.3.15, 0.3.14, 0.3.13, 0.3.12, 0.3.11, 0.3.10, 0.3.9, 0.3.8, 0.3.7, 0.3.6, 0.3.4, 0.3.3, 0.3.2, 0.3.1, 0.3.0, 0.2.8, 0.2.7, 0.2.6, 0.2.4, 0.2.3, 0.2.2, 0.2.1, 0.2.0, 0.1.6, 0.1.5, 0.1.4, 0.1.3, 0.1.2, 0.1.1, 0.1.0
26 silly fetchPackageMetaData
26 silly fetchPackageMetaData     at pickVersionFromRegistryDocument (C:\Program Files\nodejs\node_modules\npm\lib\fetch-package-metadata.js:157:16)
26 silly fetchPackageMetaData     at C:\Program Files\nodejs\node_modules\npm\node_modules\iferr\index.js:13:50
26 silly fetchPackageMetaData     at C:\Program Files\nodejs\node_modules\npm\lib\utils\pulse-till-done.js:19:8
26 silly fetchPackageMetaData     at saved (C:\Program Files\nodejs\node_modules\npm\lib\cache\caching-client.js:168:7)
26 silly fetchPackageMetaData     at C:\Program Files\nodejs\node_modules\npm\node_modules\graceful-fs\polyfills.js:210:7
26 silly fetchPackageMetaData     at FSReqWrap.oncomplete (fs.js:117:15)
27 silly rollbackFailedOptional Starting
28 silly rollbackFailedOptional Finishing
29 silly runTopLevelLifecycles Starting
30 silly runTopLevelLifecycles Finishing
31 silly install printInstalled
32 verbose stack Error: No compatible version found: webpack@3.3
32 verbose stack Valid install targets:
32 verbose stack 2.1.0-beta.25, 2.1.0-beta.24, 2.1.0-beta.23, 2.1.0-beta.22, 2.1.0-beta.21, 2.1.0-beta.20, 2.1.0-beta.19, 2.1.0-beta.18, 2.1.0-beta.17, 2.1.0-beta.16, 2.1.0-beta.15, 2.1.0-beta.14, 2.1.0-beta.13, 2.1.0-beta.12, 2.1.0-beta.11, 2.1.0-beta.10, 2.1.0-beta.9, 2.1.0-beta.8, 2.1.0-beta.7, 2.1.0-beta.6, 2.1.0-beta.5, 2.1.0-beta.4, 2.1.0-beta.3, 2.1.0-beta.2, 2.1.0-beta.1, 2.1.0-beta.0, 2.0.7-beta, 2.0.6-beta, 2.0.5-beta, 2.0.4-beta, 2.0.2-beta, 2.0.1-beta, 2.0.0-beta, 1.13.2, 1.13.1, 1.13.0, 1.12.15, 1.12.14, 1.12.13, 1.12.12, 1.12.11, 1.12.10, 1.12.9, 1.12.8, 1.12.7, 1.12.6, 1.12.5, 1.12.4, 1.12.3, 1.12.2, 1.12.1, 1.12.0, 1.11.0, 1.10.5, 1.10.4, 1.10.3, 1.10.2, 1.10.1, 1.10.0, 1.9.13, 1.9.12, 1.9.11, 1.9.10, 1.9.9, 1.9.8, 1.9.7, 1.9.6, 1.9.5, 1.9.4, 1.9.3, 1.9.2, 1.9.1, 1.9.0, 1.8.11, 1.8.10, 1.8.9, 1.8.8, 1.8.7, 1.8.6, 1.8.5, 1.8.4, 1.8.3, 1.8.2, 1.8.1, 1.8.0, 1.7.3, 1.7.2, 1.7.1, 1.7.0, 1.6.0, 1.5.3, 1.5.2, 1.5.1, 1.5.0, 1.4.15, 1.4.14, 1.4.13, 1.4.12, 1.4.11, 1.4.10, 1.4.9, 1.4.8, 1.4.7, 1.4.6, 1.4.5, 1.4.4, 1.4.3, 1.4.2, 1.4.1-beta1, 1.4.0-beta9, 1.4.0-beta8, 1.4.0-beta7, 1.4.0-beta6, 1.4.0-beta5, 1.4.0-beta4, 1.4.0-beta3, 1.4.0-beta2, 1.4.0-beta10, 1.4.0-beta1, 1.3.7, 1.3.6, 1.3.5, 1.3.4, 1.3.3-beta2, 1.3.3-beta1, 1.3.2-beta9, 1.3.2-beta8, 1.3.2-beta7, 1.3.2-beta6, 1.3.2-beta5, 1.3.2-beta4, 1.3.2-beta3, 1.3.2-beta2, 1.3.2-beta1, 1.3.1-beta9, 1.3.1-beta8, 1.3.1-beta7, 1.3.1-beta6, 1.3.1-beta5, 1.3.1-beta4, 1.3.1-beta3, 1.3.1-beta2, 1.3.1-beta1, 1.3.0-beta9, 1.3.0-beta8, 1.3.0-beta7, 1.3.0-beta6, 1.3.0-beta5, 1.3.0-beta4, 1.3.0-beta3, 1.3.0-beta2, 1.3.0-beta1, 1.2.0-beta6, 1.2.0-beta5, 1.2.0-beta4, 1.2.0-beta2, 1.2.0-beta1, 1.1.11, 1.1.10, 1.1.9, 1.1.8, 1.1.7, 1.1.6, 1.1.5, 1.1.4, 1.1.3, 1.1.2, 1.1.1, 1.1.0, 1.1.0-beta9, 1.1.0-beta8, 1.1.0-beta7, 1.1.0-beta6, 1.1.0-beta5, 1.1.0-beta4, 1.1.0-beta3, 1.1.0-beta2, 1.1.0-beta12, 1.1.0-beta10, 1.1.0-beta1, 1.0.5, 1.0.4, 1.0.3, 1.0.1, 1.0.0, 1.0.0-rc9, 1.0.0-rc8, 1.0.0-rc7, 1.0.0-rc5, 1.0.0-rc4, 1.0.0-rc3, 1.0.0-rc2, 1.0.0-rc12, 1.0.0-rc11, 1.0.0-rc1, 1.0.0-beta9, 1.0.0-beta8, 1.0.0-beta7, 1.0.0-beta6, 1.0.0-beta5, 1.0.0-beta4, 1.0.0-beta3, 1.0.0-beta2, 1.0.0-beta1, 0.11.18, 0.11.17, 0.11.16, 0.11.15, 0.11.14, 0.11.13, 0.11.12, 0.11.11, 0.11.10, 0.11.9, 0.11.8, 0.11.7, 0.11.6, 0.11.5, 0.11.4, 0.11.3, 0.11.2, 0.11.1, 0.11.0, 0.11.0-beta9, 0.11.0-beta8, 0.11.0-beta7, 0.11.0-beta6, 0.11.0-beta5, 0.11.0-beta4, 0.11.0-beta3, 0.11.0-beta29, 0.11.0-beta28, 0.11.0-beta27, 0.11.0-beta26, 0.11.0-beta25, 0.11.0-beta24, 0.11.0-beta23, 0.11.0-beta22, 0.11.0-beta21, 0.11.0-beta20, 0.11.0-beta2, 0.11.0-beta19, 0.11.0-beta18, 0.11.0-beta17, 0.11.0-beta16, 0.11.0-beta15, 0.11.0-beta14, 0.11.0-beta13, 0.11.0-beta12, 0.11.0-beta11, 0.11.0-beta10, 0.11.0-beta1, 0.10.0, 0.10.0-beta9, 0.10.0-beta8, 0.10.0-beta7, 0.10.0-beta6, 0.10.0-beta5, 0.10.0-beta3, 0.10.0-beta25, 0.10.0-beta24, 0.10.0-beta23, 0.10.0-beta22, 0.10.0-beta21, 0.10.0-beta20, 0.10.0-beta2, 0.10.0-beta19, 0.10.0-beta18, 0.10.0-beta17, 0.10.0-beta16, 0.10.0-beta15, 0.10.0-beta14, 0.10.0-beta13, 0.10.0-beta12, 0.10.0-beta11, 0.10.0-beta10, 0.9.3, 0.9.2, 0.9.1, 0.9.0, 0.9.0-beta9, 0.9.0-beta8, 0.9.0-beta7, 0.9.0-beta6, 0.9.0-beta5, 0.9.0-beta4, 0.9.0-beta38, 0.9.0-beta37, 0.9.0-beta36, 0.9.0-beta35, 0.9.0-beta34, 0.9.0-beta33, 0.9.0-beta32, 0.9.0-beta31, 0.9.0-beta30, 0.9.0-beta29, 0.9.0-beta28, 0.9.0-beta27, 0.9.0-beta26, 0.9.0-beta25, 0.9.0-beta24, 0.9.0-beta23, 0.9.0-beta22, 0.9.0-beta21, 0.9.0-beta20, 0.9.0-beta2, 0.9.0-beta19, 0.9.0-beta18, 0.9.0-beta17, 0.9.0-beta16, 0.9.0-beta15, 0.9.0-beta14, 0.9.0-beta13, 0.9.0-beta12, 0.9.0-beta11, 0.9.0-beta10, 0.9.0-beta1, 0.8.3, 0.8.2, 0.8.0, 0.8.0-beta4, 0.8.0-beta3, 0.8.0-beta2, 0.8.0-beta1, 0.7.17, 0.7.16, 0.7.15, 0.7.14, 0.7.13, 0.7.12, 0.7.11, 0.7.9, 0.7.8, 0.7.7, 0.7.6, 0.7.5, 0.7.4, 0.7.3, 0.7.2, 0.7.1, 0.7.0, 0.7.0-beta8, 0.7.0-beta7, 0.7.0-beta6, 0.7.0-beta5, 0.7.0-beta4, 0.7.0-beta3, 0.7.0-beta2, 0.7.0-beta, 0.6.2, 0.6.1, 0.6.0, 0.5.10, 0.5.8, 0.5.7, 0.5.6, 0.5.5, 0.5.4, 0.5.3, 0.5.2, 0.5.1, 0.5.0, 0.4.25, 0.4.24, 0.4.23, 0.4.21, 0.4.20, 0.4.19, 0.4.18, 0.4.17, 0.4.16, 0.4.15, 0.4.14, 0.4.13, 0.4.12, 0.4.11, 0.4.10, 0.4.9, 0.4.8, 0.4.7, 0.4.6, 0.4.5, 0.4.4, 0.4.3, 0.4.2, 0.4.1, 0.4.0, 0.3.20, 0.3.19, 0.3.18, 0.3.17, 0.3.16, 0.3.15, 0.3.14, 0.3.13, 0.3.12, 0.3.11, 0.3.10, 0.3.9, 0.3.8, 0.3.7, 0.3.6, 0.3.4, 0.3.3, 0.3.2, 0.3.1, 0.3.0, 0.2.8, 0.2.7, 0.2.6, 0.2.4, 0.2.3, 0.2.2, 0.2.1, 0.2.0, 0.1.6, 0.1.5, 0.1.4, 0.1.3, 0.1.2, 0.1.1, 0.1.0
32 verbose stack
32 verbose stack     at pickVersionFromRegistryDocument (C:\Program Files\nodejs\node_modules\npm\lib\fetch-package-metadata.js:157:16)
32 verbose stack     at C:\Program Files\nodejs\node_modules\npm\node_modules\iferr\index.js:13:50
32 verbose stack     at C:\Program Files\nodejs\node_modules\npm\lib\utils\pulse-till-done.js:19:8
32 verbose stack     at saved (C:\Program Files\nodejs\node_modules\npm\lib\cache\caching-client.js:168:7)
32 verbose stack     at C:\Program Files\nodejs\node_modules\npm\node_modules\graceful-fs\polyfills.js:210:7
32 verbose stack     at FSReqWrap.oncomplete (fs.js:117:15)
33 verbose cwd C:\Users\Bigo\Desktop\au-doc
34 error Windows_NT 10.0.14393
35 error argv "C:\\Program Files\\nodejs\\node.exe" "C:\\Program Files\\nodejs\\node_modules\\npm\\bin\\npm-cli.js" "i" "webpack@3.3"
36 error node v6.2.0
37 error npm  v3.8.9
38 error No compatible version found: webpack@3.3
38 error Valid install targets:
38 error 2.1.0-beta.25, 2.1.0-beta.24, 2.1.0-beta.23, 2.1.0-beta.22, 2.1.0-beta.21, 2.1.0-beta.20, 2.1.0-beta.19, 2.1.0-beta.18, 2.1.0-beta.17, 2.1.0-beta.16, 2.1.0-beta.15, 2.1.0-beta.14, 2.1.0-beta.13, 2.1.0-beta.12, 2.1.0-beta.11, 2.1.0-beta.10, 2.1.0-beta.9, 2.1.0-beta.8, 2.1.0-beta.7, 2.1.0-beta.6, 2.1.0-beta.5, 2.1.0-beta.4, 2.1.0-beta.3, 2.1.0-beta.2, 2.1.0-beta.1, 2.1.0-beta.0, 2.0.7-beta, 2.0.6-beta, 2.0.5-beta, 2.0.4-beta, 2.0.2-beta, 2.0.1-beta, 2.0.0-beta, 1.13.2, 1.13.1, 1.13.0, 1.12.15, 1.12.14, 1.12.13, 1.12.12, 1.12.11, 1.12.10, 1.12.9, 1.12.8, 1.12.7, 1.12.6, 1.12.5, 1.12.4, 1.12.3, 1.12.2, 1.12.1, 1.12.0, 1.11.0, 1.10.5, 1.10.4, 1.10.3, 1.10.2, 1.10.1, 1.10.0, 1.9.13, 1.9.12, 1.9.11, 1.9.10, 1.9.9, 1.9.8, 1.9.7, 1.9.6, 1.9.5, 1.9.4, 1.9.3, 1.9.2, 1.9.1, 1.9.0, 1.8.11, 1.8.10, 1.8.9, 1.8.8, 1.8.7, 1.8.6, 1.8.5, 1.8.4, 1.8.3, 1.8.2, 1.8.1, 1.8.0, 1.7.3, 1.7.2, 1.7.1, 1.7.0, 1.6.0, 1.5.3, 1.5.2, 1.5.1, 1.5.0, 1.4.15, 1.4.14, 1.4.13, 1.4.12, 1.4.11, 1.4.10, 1.4.9, 1.4.8, 1.4.7, 1.4.6, 1.4.5, 1.4.4, 1.4.3, 1.4.2, 1.4.1-beta1, 1.4.0-beta9, 1.4.0-beta8, 1.4.0-beta7, 1.4.0-beta6, 1.4.0-beta5, 1.4.0-beta4, 1.4.0-beta3, 1.4.0-beta2, 1.4.0-beta10, 1.4.0-beta1, 1.3.7, 1.3.6, 1.3.5, 1.3.4, 1.3.3-beta2, 1.3.3-beta1, 1.3.2-beta9, 1.3.2-beta8, 1.3.2-beta7, 1.3.2-beta6, 1.3.2-beta5, 1.3.2-beta4, 1.3.2-beta3, 1.3.2-beta2, 1.3.2-beta1, 1.3.1-beta9, 1.3.1-beta8, 1.3.1-beta7, 1.3.1-beta6, 1.3.1-beta5, 1.3.1-beta4, 1.3.1-beta3, 1.3.1-beta2, 1.3.1-beta1, 1.3.0-beta9, 1.3.0-beta8, 1.3.0-beta7, 1.3.0-beta6, 1.3.0-beta5, 1.3.0-beta4, 1.3.0-beta3, 1.3.0-beta2, 1.3.0-beta1, 1.2.0-beta6, 1.2.0-beta5, 1.2.0-beta4, 1.2.0-beta2, 1.2.0-beta1, 1.1.11, 1.1.10, 1.1.9, 1.1.8, 1.1.7, 1.1.6, 1.1.5, 1.1.4, 1.1.3, 1.1.2, 1.1.1, 1.1.0, 1.1.0-beta9, 1.1.0-beta8, 1.1.0-beta7, 1.1.0-beta6, 1.1.0-beta5, 1.1.0-beta4, 1.1.0-beta3, 1.1.0-beta2, 1.1.0-beta12, 1.1.0-beta10, 1.1.0-beta1, 1.0.5, 1.0.4, 1.0.3, 1.0.1, 1.0.0, 1.0.0-rc9, 1.0.0-rc8, 1.0.0-rc7, 1.0.0-rc5, 1.0.0-rc4, 1.0.0-rc3, 1.0.0-rc2, 1.0.0-rc12, 1.0.0-rc11, 1.0.0-rc1, 1.0.0-beta9, 1.0.0-beta8, 1.0.0-beta7, 1.0.0-beta6, 1.0.0-beta5, 1.0.0-beta4, 1.0.0-beta3, 1.0.0-beta2, 1.0.0-beta1, 0.11.18, 0.11.17, 0.11.16, 0.11.15, 0.11.14, 0.11.13, 0.11.12, 0.11.11, 0.11.10, 0.11.9, 0.11.8, 0.11.7, 0.11.6, 0.11.5, 0.11.4, 0.11.3, 0.11.2, 0.11.1, 0.11.0, 0.11.0-beta9, 0.11.0-beta8, 0.11.0-beta7, 0.11.0-beta6, 0.11.0-beta5, 0.11.0-beta4, 0.11.0-beta3, 0.11.0-beta29, 0.11.0-beta28, 0.11.0-beta27, 0.11.0-beta26, 0.11.0-beta25, 0.11.0-beta24, 0.11.0-beta23, 0.11.0-beta22, 0.11.0-beta21, 0.11.0-beta20, 0.11.0-beta2, 0.11.0-beta19, 0.11.0-beta18, 0.11.0-beta17, 0.11.0-beta16, 0.11.0-beta15, 0.11.0-beta14, 0.11.0-beta13, 0.11.0-beta12, 0.11.0-beta11, 0.11.0-beta10, 0.11.0-beta1, 0.10.0, 0.10.0-beta9, 0.10.0-beta8, 0.10.0-beta7, 0.10.0-beta6, 0.10.0-beta5, 0.10.0-beta3, 0.10.0-beta25, 0.10.0-beta24, 0.10.0-beta23, 0.10.0-beta22, 0.10.0-beta21, 0.10.0-beta20, 0.10.0-beta2, 0.10.0-beta19, 0.10.0-beta18, 0.10.0-beta17, 0.10.0-beta16, 0.10.0-beta15, 0.10.0-beta14, 0.10.0-beta13, 0.10.0-beta12, 0.10.0-beta11, 0.10.0-beta10, 0.9.3, 0.9.2, 0.9.1, 0.9.0, 0.9.0-beta9, 0.9.0-beta8, 0.9.0-beta7, 0.9.0-beta6, 0.9.0-beta5, 0.9.0-beta4, 0.9.0-beta38, 0.9.0-beta37, 0.9.0-beta36, 0.9.0-beta35, 0.9.0-beta34, 0.9.0-beta33, 0.9.0-beta32, 0.9.0-beta31, 0.9.0-beta30, 0.9.0-beta29, 0.9.0-beta28, 0.9.0-beta27, 0.9.0-beta26, 0.9.0-beta25, 0.9.0-beta24, 0.9.0-beta23, 0.9.0-beta22, 0.9.0-beta21, 0.9.0-beta20, 0.9.0-beta2, 0.9.0-beta19, 0.9.0-beta18, 0.9.0-beta17, 0.9.0-beta16, 0.9.0-beta15, 0.9.0-beta14, 0.9.0-beta13, 0.9.0-beta12, 0.9.0-beta11, 0.9.0-beta10, 0.9.0-beta1, 0.8.3, 0.8.2, 0.8.0, 0.8.0-beta4, 0.8.0-beta3, 0.8.0-beta2, 0.8.0-beta1, 0.7.17, 0.7.16, 0.7.15, 0.7.14, 0.7.13, 0.7.12, 0.7.11, 0.7.9, 0.7.8, 0.7.7, 0.7.6, 0.7.5, 0.7.4, 0.7.3, 0.7.2, 0.7.1, 0.7.0, 0.7.0-beta8, 0.7.0-beta7, 0.7.0-beta6, 0.7.0-beta5, 0.7.0-beta4, 0.7.0-beta3, 0.7.0-beta2, 0.7.0-beta, 0.6.2, 0.6.1, 0.6.0, 0.5.10, 0.5.8, 0.5.7, 0.5.6, 0.5.5, 0.5.4, 0.5.3, 0.5.2, 0.5.1, 0.5.0, 0.4.25, 0.4.24, 0.4.23, 0.4.21, 0.4.20, 0.4.19, 0.4.18, 0.4.17, 0.4.16, 0.4.15, 0.4.14, 0.4.13, 0.4.12, 0.4.11, 0.4.10, 0.4.9, 0.4.8, 0.4.7, 0.4.6, 0.4.5, 0.4.4, 0.4.3, 0.4.2, 0.4.1, 0.4.0, 0.3.20, 0.3.19, 0.3.18, 0.3.17, 0.3.16, 0.3.15, 0.3.14, 0.3.13, 0.3.12, 0.3.11, 0.3.10, 0.3.9, 0.3.8, 0.3.7, 0.3.6, 0.3.4, 0.3.3, 0.3.2, 0.3.1, 0.3.0, 0.2.8, 0.2.7, 0.2.6, 0.2.4, 0.2.3, 0.2.2, 0.2.1, 0.2.0, 0.1.6, 0.1.5, 0.1.4, 0.1.3, 0.1.2, 0.1.1, 0.1.0
39 error If you need help, you may report this error at:
39 error     <https://github.com/npm/npm/issues>
40 verbose exit [ 1, true ]
